  Reading Qt configuration (C:/Qt/Qt5.12.3/5.12.3/msvc2015_64/bin/qmake)
  Generate moc_predefs.h
  Rcc'ing qtpropertybrowser\qtpropertybrowser.qrc...
  Rcc'ing res.qrc...
  Moc'ing drawscene.h...
  Moc'ing drawsvgitem.h...
  Moc'ing drawview.h...
  Moc'ing ellipseitem.h...
  Moc'ing graphicsproperty.h...
  Moc'ing lineitem.h...
  Moc'ing mainwindow.h...
  Moc'ing qtpropertybrowser\qtbuttonpropertybrowser.h...
  Moc'ing qtpropertybrowser\qteditorfactory.h...
  Moc'ing qtpropertybrowser\qtgroupboxpropertybrowser.h...
  Moc'ing qtpropertybrowser\qtpropertybrowser.h...
  Moc'ing qtpropertybrowser\qtpropertybrowserutils_p.h...
  Moc'ing qtpropertybrowser\qtpropertymanager.h...
  Moc'ing qtpropertybrowser\qttreepropertybrowser.h...
  Moc'ing qtpropertybrowser\qtvariantproperty.h...
  Moc'ing rectitem.h...
  Moc'ing sizehandlerect.h...
  Moc'ing qtpropertybrowser\qteditorfactory.cpp...
  Moc'ing qtpropertybrowser\qtpropertymanager.cpp...
  Moc'ing qtpropertybrowser\qttreepropertybrowser.cpp...
  commands.cpp
  drawscene.cpp
  drawsvgitem.cpp
  drawview.cpp
  ellipseitem.cpp
  graphicsproperty.cpp
  itembase.cpp
  lineitem.cpp
  main.cpp
  mainwindow.cpp
  qtbuttonpropertybrowser.cpp
  qtgroupboxpropertybrowser.cpp
itembase.cpp(21): warning C4100: “point”: 未引用的形参
itembase.cpp(21): warning C4100: “dir”: 未引用的形参
  qtpropertybrowser.cpp
  qtpropertybrowserutils.cpp
  qtvariantproperty.cpp
lineitem.cpp(351): warning C4100: “widget”: 未引用的形参
lineitem.cpp(351): warning C4100: “option”: 未引用的形参
  rectitem.cpp
  sizehandlerect.cpp
rectitem.cpp(330): warning C4100: “widget”: 未引用的形参
rectitem.cpp(330): warning C4100: “option”: 未引用的形参
sizehandlerect.cpp(157): warning C4100: “widget”: 未引用的形参
sizehandlerect.cpp(157): warning C4100: “option”: 未引用的形参
  qrc_qtpropertybrowser.cpp
  qrc_res.cpp
  moc_drawscene.cpp
  moc_drawsvgitem.cpp
  moc_drawview.cpp
  moc_ellipseitem.cpp
  moc_graphicsproperty.cpp
  moc_lineitem.cpp
  moc_mainwindow.cpp
  moc_qtpropertybrowserutils_p.cpp
  moc_rectitem.cpp
  moc_sizehandlerect.cpp
  qteditorfactory.cpp
  qtpropertymanager.cpp
  qttreepropertybrowser.cpp
  Draw.vcxproj -> G:\renyongfa_work\development\Draw\release\Draw.exe
