g:\renyongfa_work\development\draw\debug\drawsvgitem.obj
g:\renyongfa_work\development\draw\debug\qtpropertybrowserutils.obj
g:\renyongfa_work\development\draw\debug\itembase.obj
g:\renyongfa_work\development\draw\debug\commands.obj
g:\renyongfa_work\development\draw\debug\qtpropertybrowser.obj
g:\renyongfa_work\development\draw\debug\main.obj
g:\renyongfa_work\development\draw\debug\graphicsproperty.obj
g:\renyongfa_work\development\draw\debug\drawview.obj
g:\renyongfa_work\development\draw\debug\qtvariantproperty.obj
g:\renyongfa_work\development\draw\debug\qtbuttonpropertybrowser.obj
g:\renyongfa_work\development\draw\debug\ellipseitem.obj
g:\renyongfa_work\development\draw\debug\rectitem.obj
g:\renyongfa_work\development\draw\debug\drawscene.obj
g:\renyongfa_work\development\draw\debug\sizehandlerect.obj
g:\renyongfa_work\development\draw\debug\qtgroupboxpropertybrowser.obj
g:\renyongfa_work\development\draw\debug\lineitem.obj
g:\renyongfa_work\development\draw\debug\mainwindow.obj
g:\renyongfa_work\development\draw\debug\vc140.pdb
g:\renyongfa_work\development\draw\debug\qrc_qtpropertybrowser.obj
g:\renyongfa_work\development\draw\debug\qrc_res.obj
g:\renyongfa_work\development\draw\debug\moc_drawview.obj
g:\renyongfa_work\development\draw\debug\qttreepropertybrowser.obj
g:\renyongfa_work\development\draw\debug\moc_drawsvgitem.obj
g:\renyongfa_work\development\draw\debug\moc_lineitem.obj
g:\renyongfa_work\development\draw\debug\moc_drawscene.obj
g:\renyongfa_work\development\draw\debug\moc_mainwindow.obj
g:\renyongfa_work\development\draw\debug\moc_sizehandlerect.obj
g:\renyongfa_work\development\draw\debug\moc_qtpropertybrowserutils_p.obj
g:\renyongfa_work\development\draw\debug\moc_rectitem.obj
g:\renyongfa_work\development\draw\debug\qtpropertymanager.obj
g:\renyongfa_work\development\draw\debug\qteditorfactory.obj
g:\renyongfa_work\development\draw\debug\moc_ellipseitem.obj
g:\renyongfa_work\development\draw\debug\moc_graphicsproperty.obj
g:\renyongfa_work\development\draw\debug\moc_predefs.h
g:\renyongfa_work\development\draw\debug\qrc_qtpropertybrowser.cpp
g:\renyongfa_work\development\draw\debug\qrc_res.cpp
g:\renyongfa_work\development\draw\debug\moc_drawscene.cpp
g:\renyongfa_work\development\draw\debug\moc_drawsvgitem.cpp
g:\renyongfa_work\development\draw\debug\moc_drawview.cpp
g:\renyongfa_work\development\draw\debug\moc_ellipseitem.cpp
g:\renyongfa_work\development\draw\debug\moc_graphicsproperty.cpp
g:\renyongfa_work\development\draw\debug\moc_lineitem.cpp
g:\renyongfa_work\development\draw\debug\moc_mainwindow.cpp
g:\renyongfa_work\development\draw\debug\moc_qtbuttonpropertybrowser.cpp
g:\renyongfa_work\development\draw\debug\moc_qteditorfactory.cpp
g:\renyongfa_work\development\draw\debug\moc_qtgroupboxpropertybrowser.cpp
g:\renyongfa_work\development\draw\debug\moc_qtpropertybrowser.cpp
g:\renyongfa_work\development\draw\debug\moc_qtpropertybrowserutils_p.cpp
g:\renyongfa_work\development\draw\debug\moc_qtpropertymanager.cpp
g:\renyongfa_work\development\draw\debug\moc_qttreepropertybrowser.cpp
g:\renyongfa_work\development\draw\debug\moc_qtvariantproperty.cpp
g:\renyongfa_work\development\draw\debug\moc_rectitem.cpp
g:\renyongfa_work\development\draw\debug\moc_sizehandlerect.cpp
g:\renyongfa_work\development\draw\debug\qteditorfactory.moc
g:\renyongfa_work\development\draw\debug\qtpropertymanager.moc
g:\renyongfa_work\development\draw\debug\qttreepropertybrowser.moc
g:\renyongfa_work\development\draw\debug\draw.ilk
g:\renyongfa_work\development\draw\debug\draw.exe
g:\renyongfa_work\development\draw\debug\draw.pdb
g:\renyongfa_work\development\draw\debug\draw.tlog\cl.command.1.tlog
g:\renyongfa_work\development\draw\debug\draw.tlog\cl.read.1.tlog
g:\renyongfa_work\development\draw\debug\draw.tlog\cl.write.1.tlog
g:\renyongfa_work\development\draw\debug\draw.tlog\custombuild.command.1.tlog
g:\renyongfa_work\development\draw\debug\draw.tlog\custombuild.read.1.tlog
g:\renyongfa_work\development\draw\debug\draw.tlog\custombuild.write.1.tlog
g:\renyongfa_work\development\draw\debug\draw.tlog\draw.write.1u.tlog
g:\renyongfa_work\development\draw\debug\draw.tlog\link.command.1.tlog
g:\renyongfa_work\development\draw\debug\draw.tlog\link.read.1.tlog
g:\renyongfa_work\development\draw\debug\draw.tlog\link.write.1.tlog
g:\renyongfa_work\development\draw\debug\draw.tlog\moc.read.1u.tlog
g:\renyongfa_work\development\draw\debug\draw.tlog\moc.write.1u.tlog
g:\renyongfa_work\development\draw\debug\draw.tlog\rcc.read.1u.tlog
g:\renyongfa_work\development\draw\debug\draw.tlog\rcc.write.1u.tlog
