g:\renyongfa_work\development\draw\release\drawview.obj
g:\renyongfa_work\development\draw\release\rectitem.obj
g:\renyongfa_work\development\draw\release\qtbuttonpropertybrowser.obj
g:\renyongfa_work\development\draw\release\graphicsproperty.obj
g:\renyongfa_work\development\draw\release\ellipseitem.obj
g:\renyongfa_work\development\draw\release\sizehandlerect.obj
g:\renyongfa_work\development\draw\release\main.obj
g:\renyongfa_work\development\draw\release\lineitem.obj
g:\renyongfa_work\development\draw\release\itembase.obj
g:\renyongfa_work\development\draw\release\qtgroupboxpropertybrowser.obj
g:\renyongfa_work\development\draw\release\drawscene.obj
g:\renyongfa_work\development\draw\release\qtpropertybrowserutils.obj
g:\renyongfa_work\development\draw\release\drawsvgitem.obj
g:\renyongfa_work\development\draw\release\qtvariantproperty.obj
g:\renyongfa_work\development\draw\release\commands.obj
g:\renyongfa_work\development\draw\release\qtpropertybrowser.obj
g:\renyongfa_work\development\draw\release\mainwindow.obj
g:\renyongfa_work\development\draw\release\moc_graphicsproperty.obj
g:\renyongfa_work\development\draw\release\moc_drawscene.obj
g:\renyongfa_work\development\draw\release\qteditorfactory.obj
g:\renyongfa_work\development\draw\release\moc_sizehandlerect.obj
g:\renyongfa_work\development\draw\release\moc_qtpropertybrowserutils_p.obj
g:\renyongfa_work\development\draw\release\moc_drawview.obj
g:\renyongfa_work\development\draw\release\qttreepropertybrowser.obj
g:\renyongfa_work\development\draw\release\moc_mainwindow.obj
g:\renyongfa_work\development\draw\release\moc_rectitem.obj
g:\renyongfa_work\development\draw\release\moc_lineitem.obj
g:\renyongfa_work\development\draw\release\moc_ellipseitem.obj
g:\renyongfa_work\development\draw\release\qtpropertymanager.obj
g:\renyongfa_work\development\draw\release\qrc_qtpropertybrowser.obj
g:\renyongfa_work\development\draw\release\qrc_res.obj
g:\renyongfa_work\development\draw\release\moc_drawsvgitem.obj
g:\renyongfa_work\development\draw\release\moc_predefs.h
g:\renyongfa_work\development\draw\release\qrc_qtpropertybrowser.cpp
g:\renyongfa_work\development\draw\release\qrc_res.cpp
g:\renyongfa_work\development\draw\release\moc_drawscene.cpp
g:\renyongfa_work\development\draw\release\moc_drawsvgitem.cpp
g:\renyongfa_work\development\draw\release\moc_drawview.cpp
g:\renyongfa_work\development\draw\release\moc_ellipseitem.cpp
g:\renyongfa_work\development\draw\release\moc_graphicsproperty.cpp
g:\renyongfa_work\development\draw\release\moc_lineitem.cpp
g:\renyongfa_work\development\draw\release\moc_mainwindow.cpp
g:\renyongfa_work\development\draw\release\moc_qtbuttonpropertybrowser.cpp
g:\renyongfa_work\development\draw\release\moc_qteditorfactory.cpp
g:\renyongfa_work\development\draw\release\moc_qtgroupboxpropertybrowser.cpp
g:\renyongfa_work\development\draw\release\moc_qtpropertybrowser.cpp
g:\renyongfa_work\development\draw\release\moc_qtpropertybrowserutils_p.cpp
g:\renyongfa_work\development\draw\release\moc_qtpropertymanager.cpp
g:\renyongfa_work\development\draw\release\moc_qttreepropertybrowser.cpp
g:\renyongfa_work\development\draw\release\moc_qtvariantproperty.cpp
g:\renyongfa_work\development\draw\release\moc_rectitem.cpp
g:\renyongfa_work\development\draw\release\moc_sizehandlerect.cpp
g:\renyongfa_work\development\draw\release\qteditorfactory.moc
g:\renyongfa_work\development\draw\release\qtpropertymanager.moc
g:\renyongfa_work\development\draw\release\qttreepropertybrowser.moc
g:\renyongfa_work\development\draw\release\draw.exe
g:\renyongfa_work\development\draw\release\draw.tlog\cl.command.1.tlog
g:\renyongfa_work\development\draw\release\draw.tlog\cl.read.1.tlog
g:\renyongfa_work\development\draw\release\draw.tlog\cl.write.1.tlog
g:\renyongfa_work\development\draw\release\draw.tlog\custombuild.command.1.tlog
g:\renyongfa_work\development\draw\release\draw.tlog\custombuild.read.1.tlog
g:\renyongfa_work\development\draw\release\draw.tlog\custombuild.write.1.tlog
g:\renyongfa_work\development\draw\release\draw.tlog\draw.write.1u.tlog
g:\renyongfa_work\development\draw\release\draw.tlog\link.command.1.tlog
g:\renyongfa_work\development\draw\release\draw.tlog\link.read.1.tlog
g:\renyongfa_work\development\draw\release\draw.tlog\link.write.1.tlog
g:\renyongfa_work\development\draw\release\draw.tlog\moc.read.1u.tlog
g:\renyongfa_work\development\draw\release\draw.tlog\moc.write.1u.tlog
g:\renyongfa_work\development\draw\release\draw.tlog\rcc.read.1u.tlog
g:\renyongfa_work\development\draw\release\draw.tlog\rcc.write.1u.tlog
